2022-08-08 15:44:26,807 INFO o.a.j.u.JMeterUtils: Setting Locale to en_EN
2022-08-08 15:44:26,919 INFO o.a.j.JMeter: Loading user properties from: /usr/local/Cellar/jmeter/5.5/libexec/bin/user.properties
2022-08-08 15:44:26,923 INFO o.a.j.JMeter: Loading system properties from: /usr/local/Cellar/jmeter/5.5/libexec/bin/system.properties
2022-08-08 15:44:26,944 INFO o.a.j.JMeter: Copyright (c) 1998-2022 The Apache Software Foundation
2022-08-08 15:44:26,944 INFO o.a.j.JMeter: Version 5.5
2022-08-08 15:44:26,944 INFO o.a.j.JMeter: java.version=18.0.2
2022-08-08 15:44:26,945 INFO o.a.j.JMeter: java.vm.name=OpenJDK 64-Bit Server VM
2022-08-08 15:44:26,945 INFO o.a.j.JMeter: os.name=Mac OS X
2022-08-08 15:44:26,945 INFO o.a.j.JMeter: os.arch=x86_64
2022-08-08 15:44:26,945 INFO o.a.j.JMeter: os.version=11.3.1
2022-08-08 15:44:26,945 INFO o.a.j.JMeter: file.encoding=UTF-8
2022-08-08 15:44:26,945 INFO o.a.j.JMeter: java.awt.headless=true
2022-08-08 15:44:26,945 INFO o.a.j.JMeter: Max memory     =1073741824
2022-08-08 15:44:26,946 INFO o.a.j.JMeter: Available Processors =4
2022-08-08 15:44:26,987 INFO o.a.j.JMeter: Default Locale=English (EN)
2022-08-08 15:44:26,988 INFO o.a.j.JMeter: JMeter  Locale=English (EN)
2022-08-08 15:44:26,988 INFO o.a.j.JMeter: JMeterHome=/usr/local/Cellar/jmeter/5.5/libexec
2022-08-08 15:44:26,989 INFO o.a.j.JMeter: user.dir  =/Users/macbookair/Desktop/Practice
2022-08-08 15:44:26,989 INFO o.a.j.JMeter: PWD       =/Users/macbookair/Desktop/Practice
2022-08-08 15:44:27,056 INFO o.a.j.JMeter: IP: 192.168.152.117 Name: MacBookAirs-MacBook-Air.local FullName: 192.168.152.117
2022-08-08 15:44:27,134 INFO o.a.j.JMeter: Setting property 'jmeter.reportgenerator.outputdir' to:'/Users/macbookair/Desktop/Practice/HTML'
2022-08-08 15:44:27,164 INFO o.a.j.r.d.ReportGenerator: ReportGenerator will use for Parsing the separator: ','
2022-08-08 15:44:27,165 INFO o.a.j.r.d.ReportGenerator: Will only generate report from results file: Practice.csv
2022-08-08 15:44:27,165 INFO o.a.j.r.d.ReportGenerator: Reading report generator properties from: /usr/local/Cellar/jmeter/5.5/libexec/bin/reportgenerator.properties
2022-08-08 15:44:27,171 INFO o.a.j.r.d.ReportGenerator: Merging with JMeter properties
2022-08-08 15:44:27,190 INFO o.a.j.r.c.ReportGeneratorConfiguration: Property 'jmeter.reportgenerator.temp_dir' not found, using default value 'temp' instead.
2022-08-08 15:44:27,195 INFO o.a.j.r.c.ReportGeneratorConfiguration: Property 'jmeter.reportgenerator.apdex_per_transaction' not found, using default value 'null' instead.
2022-08-08 15:44:27,207 INFO o.a.j.r.c.ReportGeneratorConfiguration: apdex_per_transaction is empty, not APDEX per transaction customization
2022-08-08 15:44:27,207 INFO o.a.j.r.c.ReportGeneratorConfiguration: Property 'jmeter.reportgenerator.sample_filter' not found, using default value 'null' instead.
2022-08-08 15:44:27,207 INFO o.a.j.r.c.ReportGeneratorConfiguration: Property 'jmeter.reportgenerator.report_title' not found, using default value 'null' instead.
2022-08-08 15:44:27,207 INFO o.a.j.r.c.ReportGeneratorConfiguration: Property 'jmeter.reportgenerator.start_date' not found, using default value 'null' instead.
2022-08-08 15:44:27,208 INFO o.a.j.r.c.ReportGeneratorConfiguration: Property 'jmeter.reportgenerator.end_date' not found, using default value 'null' instead.
2022-08-08 15:44:27,208 INFO o.a.j.r.c.ReportGeneratorConfiguration: Property 'jmeter.reportgenerator.date_format' not found, using default value 'null' instead.
2022-08-08 15:44:27,238 INFO o.a.j.r.c.ReportGeneratorConfiguration: Will use date range start date: null, end date: null
2022-08-08 15:44:27,248 INFO o.a.j.r.c.ReportGeneratorConfiguration: Property 'jmeter.reportgenerator.graph.totalTPS.exclude_controllers' not found, using default value 'false' instead.
2022-08-08 15:44:27,248 INFO o.a.j.r.c.ReportGeneratorConfiguration: Property 'jmeter.reportgenerator.graph.activeThreadsOverTime.exclude_controllers' not found, using default value 'false' instead.
2022-08-08 15:44:27,249 INFO o.a.j.r.c.ReportGeneratorConfiguration: Property 'jmeter.reportgenerator.graph.timeVsThreads.exclude_controllers' not found, using default value 'false' instead.
2022-08-08 15:44:27,249 INFO o.a.j.r.c.ReportGeneratorConfiguration: Property 'jmeter.reportgenerator.graph.responseTimeDistribution.exclude_controllers' not found, using default value 'false' instead.
2022-08-08 15:44:27,250 INFO o.a.j.r.c.ReportGeneratorConfiguration: Property 'jmeter.reportgenerator.graph.transactionsPerSecond.exclude_controllers' not found, using default value 'false' instead.
2022-08-08 15:44:27,250 INFO o.a.j.r.c.ReportGeneratorConfiguration: Property 'jmeter.reportgenerator.graph.responseTimePercentiles.exclude_controllers' not found, using default value 'false' instead.
2022-08-08 15:44:27,250 INFO o.a.j.r.c.ReportGeneratorConfiguration: Property 'jmeter.reportgenerator.graph.responseTimePercentilesOverTime.exclude_controllers' not found, using default value 'false' instead.
2022-08-08 15:44:27,251 INFO o.a.j.r.c.ReportGeneratorConfiguration: Property 'jmeter.reportgenerator.graph.responseTimesOverTime.exclude_controllers' not found, using default value 'false' instead.
2022-08-08 15:44:27,251 INFO o.a.j.r.c.ReportGeneratorConfiguration: Property 'jmeter.reportgenerator.graph.connectTimeOverTime.exclude_controllers' not found, using default value 'false' instead.
2022-08-08 15:44:27,251 INFO o.a.j.r.c.ReportGeneratorConfiguration: Property 'jmeter.reportgenerator.graph.latenciesOverTime.exclude_controllers' not found, using default value 'false' instead.
2022-08-08 15:44:27,253 INFO o.a.j.r.c.ReportGeneratorConfiguration: Property 'jmeter.reportgenerator.exporter.json.filters_only_sample_series' not found, using default value 'true' instead.
2022-08-08 15:44:27,253 INFO o.a.j.r.c.ReportGeneratorConfiguration: Property 'jmeter.reportgenerator.exporter.json.series_filter' not found, using default value '' instead.
2022-08-08 15:44:27,253 INFO o.a.j.r.c.ReportGeneratorConfiguration: Property 'jmeter.reportgenerator.exporter.json.show_controllers_only' not found, using default value 'false' instead.
2022-08-08 15:44:27,254 INFO o.a.j.r.c.ReportGeneratorConfiguration: Property 'jmeter.reportgenerator.exporter.html.filters_only_sample_series' not found, using default value 'true' instead.
2022-08-08 15:44:27,254 INFO o.a.j.r.c.ReportGeneratorConfiguration: Property 'jmeter.reportgenerator.exporter.html.series_filter' not found, using default value '' instead.
2022-08-08 15:44:27,254 INFO o.a.j.r.c.ReportGeneratorConfiguration: Property 'jmeter.reportgenerator.exporter.html.show_controllers_only' not found, using default value 'false' instead.
2022-08-08 15:44:28,088 INFO o.a.j.s.SaveService: Testplan (JMX) version: 2.2. Testlog (JTL) version: 2.2
2022-08-08 15:44:28,201 INFO o.a.j.s.SaveService: Using SaveService properties version 5.0
2022-08-08 15:44:28,217 INFO o.a.j.s.SaveService: Using SaveService properties file encoding UTF-8
2022-08-08 15:44:28,298 INFO o.a.j.r.p.NormalizerSampleConsumer: Using format, 'ms', to parse timeStamp field
2022-08-08 15:44:28,620 INFO o.a.j.r.p.AbstractSampleConsumer: class org.apache.jmeter.report.processor.AggregateConsumer#stopProducing(): beginDate produced 0 samples
2022-08-08 15:44:28,621 INFO o.a.j.r.p.AbstractSampleConsumer: class org.apache.jmeter.report.processor.AggregateConsumer#stopProducing(): endDate produced 0 samples
2022-08-08 15:44:28,628 INFO o.a.j.r.p.AbstractSampleConsumer: class org.apache.jmeter.report.processor.ApdexSummaryConsumer#stopProducing(): apdexSummary produced 0 samples
2022-08-08 15:44:28,628 INFO o.a.j.r.p.AbstractSampleConsumer: class org.apache.jmeter.report.processor.RequestsSummaryConsumer#stopProducing(): requestsSummary produced 0 samples
2022-08-08 15:44:28,641 INFO o.a.j.r.p.AbstractSampleConsumer: class org.apache.jmeter.report.processor.StatisticsSummaryConsumer#stopProducing(): statisticsSummary produced 0 samples
2022-08-08 15:44:28,647 INFO o.a.j.r.p.AbstractSampleConsumer: class org.apache.jmeter.report.processor.Top5ErrorsBySamplerConsumer#stopProducing(): top5ErrorsBySampler produced 0 samples
2022-08-08 15:44:28,647 INFO o.a.j.r.p.AbstractSampleConsumer: class org.apache.jmeter.report.processor.ErrorsSummaryConsumer#stopProducing(): errorsSummary produced 0 samples
2022-08-08 15:44:28,647 INFO o.a.j.r.p.AbstractSampleConsumer: class org.apache.jmeter.report.processor.graph.impl.HitsPerSecondGraphConsumer#stopProducing(): hitsPerSecond produced 0 samples
2022-08-08 15:44:28,695 INFO o.a.j.r.p.AbstractSampleConsumer: class org.apache.jmeter.report.processor.graph.impl.LatencyVSRequestGraphConsumer#stopProducing(): latencyVsRequest produced 0 samples
2022-08-08 15:44:28,696 INFO o.a.j.r.p.AbstractSampleConsumer: class org.apache.jmeter.report.processor.graph.impl.SyntheticResponseTimeDistributionGraphConsumer#stopProducing(): syntheticResponseTimeDistribution produced 0 samples
2022-08-08 15:44:28,696 INFO o.a.j.r.p.AbstractSampleConsumer: class org.apache.jmeter.report.processor.graph.impl.BytesThroughputGraphConsumer#stopProducing(): bytesThroughputOverTime produced 0 samples
2022-08-08 15:44:28,697 INFO o.a.j.r.p.AbstractSampleConsumer: class org.apache.jmeter.report.processor.graph.impl.CodesPerSecondGraphConsumer#stopProducing(): codesPerSecond produced 0 samples
2022-08-08 15:44:28,712 INFO o.a.j.r.p.AbstractSampleConsumer: class org.apache.jmeter.report.processor.graph.impl.ResponseTimeVSRequestGraphConsumer#stopProducing(): responseTimeVsRequest produced 0 samples
2022-08-08 15:44:28,712 INFO o.a.j.r.p.AbstractSampleConsumer: class org.apache.jmeter.report.processor.FilterConsumer#stopProducing(): startIntervalControlerFilter produced 2352 samples
2022-08-08 15:44:28,713 INFO o.a.j.r.p.AbstractSampleConsumer: class org.apache.jmeter.report.processor.graph.impl.TotalTPSGraphConsumer#stopProducing(): totalTPS produced 0 samples
2022-08-08 15:44:28,713 INFO o.a.j.r.p.AbstractSampleConsumer: class org.apache.jmeter.report.processor.graph.impl.ActiveThreadsGraphConsumer#stopProducing(): activeThreadsOverTime produced 0 samples
2022-08-08 15:44:28,713 INFO o.a.j.r.p.AbstractSampleConsumer: class org.apache.jmeter.report.processor.graph.impl.TimeVSThreadGraphConsumer#stopProducing(): timeVsThreads produced 0 samples
2022-08-08 15:44:28,714 INFO o.a.j.r.p.AbstractSampleConsumer: class org.apache.jmeter.report.processor.graph.impl.ResponseTimeDistributionGraphConsumer#stopProducing(): responseTimeDistribution produced 0 samples
2022-08-08 15:44:28,715 INFO o.a.j.r.p.AbstractSampleConsumer: class org.apache.jmeter.report.processor.graph.impl.TransactionsPerSecondGraphConsumer#stopProducing(): transactionsPerSecond produced 0 samples
2022-08-08 15:44:28,715 INFO o.a.j.r.p.AbstractSampleConsumer: class org.apache.jmeter.report.processor.graph.impl.ResponseTimePercentilesGraphConsumer#stopProducing(): responseTimePercentiles produced 0 samples
2022-08-08 15:44:28,718 INFO o.a.j.r.p.AbstractSampleConsumer: class org.apache.jmeter.report.processor.graph.impl.ResponseTimePercentilesOverTimeGraphConsumer#stopProducing(): responseTimePercentilesOverTime produced 0 samples
2022-08-08 15:44:28,719 INFO o.a.j.r.p.AbstractSampleConsumer: class org.apache.jmeter.report.processor.graph.impl.ResponseTimeOverTimeGraphConsumer#stopProducing(): responseTimesOverTime produced 0 samples
2022-08-08 15:44:28,719 INFO o.a.j.r.p.AbstractSampleConsumer: class org.apache.jmeter.report.processor.graph.impl.ConnectTimeOverTimeGraphConsumer#stopProducing(): connectTimeOverTime produced 0 samples
2022-08-08 15:44:28,719 INFO o.a.j.r.p.AbstractSampleConsumer: class org.apache.jmeter.report.processor.graph.impl.LatencyOverTimeGraphConsumer#stopProducing(): latenciesOverTime produced 0 samples
2022-08-08 15:44:28,719 INFO o.a.j.r.p.AbstractSampleConsumer: class org.apache.jmeter.report.processor.FilterConsumer#stopProducing(): nameFilter produced 5040 samples
2022-08-08 15:44:28,719 INFO o.a.j.r.p.AbstractSampleConsumer: class org.apache.jmeter.report.processor.FilterConsumer#stopProducing(): dateRangeFilter produced 1008 samples
2022-08-08 15:44:28,720 INFO o.a.j.r.p.AbstractSampleConsumer: class org.apache.jmeter.report.processor.NormalizerSampleConsumer#stopProducing(): normalizer produced 336 samples
2022-08-08 15:44:28,720 INFO o.a.j.r.p.CsvFileSampleSource: produce(): 336 samples produced in 325ms on channel 0
2022-08-08 15:44:28,720 INFO o.a.j.r.d.ReportGenerator: Exporting data using exporter:'json' of className:'org.apache.jmeter.report.dashboard.JsonExporter'
2022-08-08 15:44:29,515 INFO o.a.j.r.d.JsonExporter: Found data for consumer statisticsSummary in context
2022-08-08 15:44:29,515 INFO o.a.j.r.d.JsonExporter: Creating statistics for overall
2022-08-08 15:44:29,516 INFO o.a.j.r.d.JsonExporter: Creating statistics for other transactions
2022-08-08 15:44:29,517 INFO o.a.j.r.d.JsonExporter: Checking output folder
2022-08-08 15:44:29,518 INFO o.a.j.r.d.JsonExporter: Writing statistics JSON to /Users/macbookair/Desktop/Practice/HTML/statistics.json
2022-08-08 15:44:29,690 INFO o.a.j.r.d.ReportGenerator: Exporting data using exporter:'html' of className:'org.apache.jmeter.report.dashboard.HtmlTemplateExporter'
2022-08-08 15:44:29,697 INFO o.a.j.r.d.HtmlTemplateExporter: Will generate dashboard in folder: /Users/macbookair/Desktop/Practice/HTML
2022-08-08 15:44:30,172 INFO o.a.j.r.d.HtmlTemplateExporter: Report will be generated in: /Users/macbookair/Desktop/Practice/HTML, creating folder structure
2022-08-08 15:44:30,203 INFO o.a.j.r.d.TemplateVisitor: Copying folder from '/usr/local/Cellar/jmeter/5.5/libexec/bin/report-template' to '/Users/macbookair/Desktop/Practice/HTML', got message: /Users/macbookair/Desktop/Practice/HTML, found non empty folder with following content [/Users/macbookair/Desktop/Practice/HTML/statistics.json], will be ignored
